[33m@iresucito/web:build[0m: cache hit, replaying output [2m6545fc408476ab8e[0m
[33m@iresucito/web:build: [0m$ remix setup node && remix build && mkdir -p ./public/build/_assets/themes/default/assets/fonts && cp ./node_modules/semantic-ui-css/themes/default/assets/fonts/* ./public/build/_assets/themes/default/assets/fonts && cp ../../assets/fonts/* ./public/build/_assets/
[33m@iresucito/web:build: [0mError: Cannot find module '@remix-run/react/package.json'
[33m@iresucito/web:build: [0mRequire stack:
[33m@iresucito/web:build: [0m- /Users/javiercastro/git/iResucito/node_modules/@remix-run/dev/dist/cli/setup.js
[33m@iresucito/web:build: [0m- /Users/javiercastro/git/iResucito/node_modules/@remix-run/dev/dist/cli/commands.js
[33m@iresucito/web:build: [0m- /Users/javiercastro/git/iResucito/node_modules/@remix-run/dev/dist/cli/run.js
[33m@iresucito/web:build: [0m- /Users/javiercastro/git/iResucito/node_modules/@remix-run/dev/dist/cli/index.js
[33m@iresucito/web:build: [0m- /Users/javiercastro/git/iResucito/node_modules/@remix-run/dev/dist/index.js
[33m@iresucito/web:build: [0m- /Users/javiercastro/git/iResucito/node_modules/@remix-run/dev/dist/cli.js
[33m@iresucito/web:build: [0m    at Function.Module._resolveFilename (node:internal/modules/cjs/loader:956:15)
[33m@iresucito/web:build: [0m    at Function.resolve (node:internal/modules/cjs/helpers:108:19)
[33m@iresucito/web:build: [0m    at resolvePackageJsonFile (/Users/javiercastro/git/iResucito/node_modules/@remix-run/dev/dist/cli/setup.js:111:18)
[33m@iresucito/web:build: [0m    at Object.setupRemix (/Users/javiercastro/git/iResucito/node_modules/@remix-run/dev/dist/cli/setup.js:69:27)
[33m@iresucito/web:build: [0m    at async Object.setup (/Users/javiercastro/git/iResucito/node_modules/@remix-run/dev/dist/cli/commands.js:157:3)
[33m@iresucito/web:build: [0m    at async Object.run (/Users/javiercastro/git/iResucito/node_modules/@remix-run/dev/dist/cli/run.js:505:7) {
[33m@iresucito/web:build: [0m  code: 'MODULE_NOT_FOUND',
[33m@iresucito/web:build: [0m  requireStack: [
[33m@iresucito/web:build: [0m    '/Users/javiercastro/git/iResucito/node_modules/@remix-run/dev/dist/cli/setup.js',
[33m@iresucito/web:build: [0m    '/Users/javiercastro/git/iResucito/node_modules/@remix-run/dev/dist/cli/commands.js',
[33m@iresucito/web:build: [0m    '/Users/javiercastro/git/iResucito/node_modules/@remix-run/dev/dist/cli/run.js',
[33m@iresucito/web:build: [0m    '/Users/javiercastro/git/iResucito/node_modules/@remix-run/dev/dist/cli/index.js',
[33m@iresucito/web:build: [0m    '/Users/javiercastro/git/iResucito/node_modules/@remix-run/dev/dist/index.js',
[33m@iresucito/web:build: [0m    '/Users/javiercastro/git/iResucito/node_modules/@remix-run/dev/dist/cli.js'
[33m@iresucito/web:build: [0m  ]
[33m@iresucito/web:build: [0m}
[33m@iresucito/web:build: [0merror Command failed with exit code 1.
[33m@iresucito/web:build: [0minfo Visit https://yarnpkg.com/en/docs/cli/run for documentation about this command.
